#
# A fatal error has been detected by the Java Runtime Environment:
#
#  SIGSEGV (0xb) at pc=0x00007f43e3c44d80, pid=3631, tid=0x00007f43b7843700
#
# JRE version: Java(TM) SE Runtime Environment (8.0_101-b13) (build 1.8.0_101-b13)
# Java VM: Java HotSpot(TM) 64-Bit Server VM (25.101-b13 mixed mode linux-amd64 compressed oops)
# Problematic frame:
# V  [libjvm.so+0x8acd80]  Method::checked_resolve_jmethod_id(_jmethodID*)+0x20
#
# Failed to write core dump. Core dumps have been disabled. To enable core dumping, try "ulimit -c unlimited" before starting Java again
#
# If you would like to submit a bug report, please visit:
#   http://bugreport.java.com/bugreport/crash.jsp
#

---------------  T H R E A D  ---------------

Current thread (0x00007f43dc0c5800):  JavaThread "JDWP Transport Listener: dt_socket" daemon [_thread_in_vm, id=3649, stack(0x00007f43b7743000,0x00007f43b7844000)]

siginfo: si_signo: 11 (SIGSEGV), si_code: 1 (SEGV_MAPERR), si_addr: 0x00003b656c003b74

Registers:
RAX=0x0000000000000001, RBX=0x00007f43dc003f80, RCX=0x00007f43e4d812c0, RDX=0x00007f43e4359e80
RSP=0x00007f43b78426d0, RBP=0x00007f43b78426e0, RSI=0x00007f43dc0c5800, RDI=0x00003b656c003b74
R8 =0x00007f43a400ac00, R9 =0x0000000000000000, R10=0x00007f43a400abf0, R11=0x00007f43e450d128
R12=0x0000000000000017, R13=0x00003b656c003b74, R14=0x00007f43dc0c5800, R15=0x00007f43b78427e7
RIP=0x00007f43e3c44d80, EFLAGS=0x0000000000010206, CSGSFS=0x0000000000000033, ERR=0x0000000000000004
  TRAPNO=0x000000000000000e

Top of Stack: (sp=0x00007f43b78426d0)
0x00007f43b78426d0:   0000000000000074 00007f43dc003f80
0x00007f43b78426e0:   00007f43b7842750 00007f43e3ad1efe
0x00007f43b78426f0:   00007f43b7842710 00007f43b7842700
0x00007f43b7842700:   00007f43dc0c5800 0000000000000000
0x00007f43b7842710:   00007f4300000000 0000000000000000
0x00007f43b7842720:   00007f43b7842740 00007f43e2a4be40
0x00007f43b7842730:   00003b656c003b74 00007f43b78427e7
0x00007f43b7842740:   0000000000000002 00007f43b78427e7
0x00007f43b7842750:   00007f43b7842780 00007f43e28378c2
0x00007f43b7842760:   00007f43b7842780 00003b656c003b74
0x00007f43b7842770:   00007f43b7842850 0000000000000010
0x00007f43b7842780:   00007f43b7842810 00007f43e2818aa0
0x00007f43b7842790:   00007f43b78427c8 00007f43b78427c0
0x00007f43b78427a0:   00007f43b78427b8 00007f43b78427dc
0x00007f43b78427b0:   00000001a400a330 0000000000000000
0x00007f43b78427c0:   0000000000000000 0000000000000000
0x00007f43b78427d0:   00007f43a400aa70 00000001b7842850
0x00007f43b78427e0:   0000000000000003 0000000000000002
0x00007f43b78427f0:   000000000000000f 0000000000000002
0x00007f43b7842800:   00000000000f0200 000000000000000f
0x00007f43b7842810:   00007f43b7842a60 00007f43e28239c6
0x00007f43b7842820:   0000040d00000013 00007f43e30f0200
0x00007f43b7842830:   00007f439c000fb0 0000000000000000
0x00007f43b7842840:   00007f43b7842850 00007f43b78429e0
0x00007f43b7842850:   00007f43b78428fc 00007f43000000d0
0x00007f43b7842860:   00007f43b7842868 000000000000005c
0x00007f43b7842870:   00007f43b78428a0 0000000000000000
0x00007f43b7842880:   00007f0000000000 0000040d0000001c
0x00007f43b7842890:   00007f4300002980 00007f43b78428a0
0x00007f43b78428a0:   437f000003000000 06000000e85a18dc
0x00007f43b78428b0:   00003e74696e693c 0000005629280300
0x00007f43b78428c0:   7f00000100000000 000000e05a18dc43 

Instructions: (pc=0x00007f43e3c44d80)
0x00007f43e3c44d60:   55 48 89 e5 53 48 83 ec 08 48 85 ff 75 12 31 db
0x00007f43e3c44d70:   48 89 d8 48 83 c4 08 5b c9 c3 66 0f 1f 44 00 00
0x00007f43e3c44d80:   48 8b 1f 48 85 db 74 e6 48 83 fb 37 74 e0 48 8b
0x00007f43e3c44d90:   03 48 89 df ff 50 10 84 c0 0f 1f 80 00 00 00 00 

Register to memory mapping:

RAX=0x0000000000000001 is an unknown value
RBX=0x00007f43dc003f80 is an unknown value
RCX=0x00007f43e4d812c0: <offset 0x2182c0> in /lib/x86_64-linux-gnu/libpthread.so.0 at 0x00007f43e4b69000
RDX=0x00007f43e4359e80: <offset 0xfc1e80> in /home/amol/Setups/jdk1.8.0_101/jre/lib/amd64/server/libjvm.so at 0x00007f43e3398000
RSP=0x00007f43b78426d0 is pointing into the stack for thread: 0x00007f43dc0c5800
RBP=0x00007f43b78426e0 is pointing into the stack for thread: 0x00007f43dc0c5800
RSI=0x00007f43dc0c5800 is a thread
RDI=0x00003b656c003b74 is an unknown value
R8 =0x00007f43a400ac00 is an unknown value
R9 =0x0000000000000000 is an unknown value
R10=0x00007f43a400abf0 is an unknown value
R11=0x00007f43e450d128: <offset 0x187128> in /lib/x86_64-linux-gnu/libc.so.6 at 0x00007f43e4386000
R12=0x0000000000000017 is an unknown value
R13=0x00003b656c003b74 is an unknown value
R14=0x00007f43dc0c5800 is a thread
R15=0x00007f43b78427e7 is pointing into the stack for thread: 0x00007f43dc0c5800


Stack: [0x00007f43b7743000,0x00007f43b7844000],  sp=0x00007f43b78426d0,  free space=1021k
Native frames: (J=compiled Java code, j=interpreted, Vv=VM code, C=native code)
V  [libjvm.so+0x8acd80]  Method::checked_resolve_jmethod_id(_jmethodID*)+0x20
V  [libjvm.so+0x739efe]  jvmti_IsMethodSynthetic+0x2be
C  [libjdwp.so+0x258c2]  isMethodSynthetic+0x42
C  [libjdwp.so+0x6aa0]  methods1+0x1b0
C  [libjdwp.so+0x119c6]  debugLoop_run+0x2b6
C  [libjdwp.so+0x247ff]  attachThread+0x2f
V  [libjvm.so+0x7a63e2]  JvmtiAgentThread::call_start_function()+0xc2
V  [libjvm.so+0xa7343f]  JavaThread::thread_main_inner()+0xdf
V  [libjvm.so+0xa7356c]  JavaThread::run()+0x11c
V  [libjvm.so+0x924698]  java_start(Thread*)+0x108
C  [libpthread.so.0+0x76ba]  start_thread+0xca


---------------  P R O C E S S  ---------------

Java Threads: ( => current thread )
  0x00007f43dc19e800 JavaThread "ReaderThread" [_thread_in_native, id=3660, stack(0x00007f43b6a23000,0x00007f43b6b24000)]
  0x00007f43dc0ed800 JavaThread "Service Thread" daemon [_thread_blocked, id=3658, stack(0x00007f43b713d000,0x00007f43b723e000)]
  0x00007f43dc0d0000 JavaThread "C1 CompilerThread2" daemon [_thread_blocked, id=3657, stack(0x00007f43b723e000,0x00007f43b733f000)]
  0x00007f43dc0ce000 JavaThread "C2 CompilerThread1" daemon [_thread_blocked, id=3656, stack(0x00007f43b733f000,0x00007f43b7440000)]
  0x00007f43dc0cb000 JavaThread "C2 CompilerThread0" daemon [_thread_blocked, id=3655, stack(0x00007f43b7440000,0x00007f43b7541000)]
  0x00007f43a4001000 JavaThread "JDWP Command Reader" daemon [_thread_in_native, id=3651, stack(0x00007f43b7541000,0x00007f43b7642000)]
  0x00007f43dc0c9000 JavaThread "JDWP Event Helper Thread" daemon [_thread_blocked, id=3650, stack(0x00007f43b7642000,0x00007f43b7743000)]
=>0x00007f43dc0c5800 JavaThread "JDWP Transport Listener: dt_socket" daemon [_thread_in_vm, id=3649, stack(0x00007f43b7743000,0x00007f43b7844000)]
  0x00007f43dc0b8800 JavaThread "Signal Dispatcher" daemon [_thread_blocked, id=3647, stack(0x00007f43b7a48000,0x00007f43b7b49000)]
  0x00007f43dc086800 JavaThread "Finalizer" daemon [_thread_blocked, id=3646, stack(0x00007f43b7b49000,0x00007f43b7c4a000)]
  0x00007f43dc082000 JavaThread "Reference Handler" daemon [_thread_blocked, id=3645, stack(0x00007f43b7c4a000,0x00007f43b7d4b000)]
  0x00007f43dc00c800 JavaThread "main" [_thread_blocked, id=3639, stack(0x00007f43e4e84000,0x00007f43e4f85000)]

Other Threads:
  0x00007f43dc07a800 VMThread [stack: 0x00007f43b7d4b000,0x00007f43b7e4c000] [id=3644]
  0x00007f43dc0f0800 WatcherThread [stack: 0x00007f43b703c000,0x00007f43b713d000] [id=3659]

VM state:not at safepoint (normal execution)

VM Mutex/Monitor currently owned by a thread: None

Heap:
 PSYoungGen      total 36864K, used 10638K [0x00000000d6e00000, 0x00000000d9700000, 0x0000000100000000)
  eden space 31744K, 17% used [0x00000000d6e00000,0x00000000d7369e40,0x00000000d8d00000)
  from space 5120K, 99% used [0x00000000d8d00000,0x00000000d91f9a18,0x00000000d9200000)
  to   space 5120K, 0% used [0x00000000d9200000,0x00000000d9200000,0x00000000d9700000)
 ParOldGen       total 84992K, used 418K [0x0000000084a00000, 0x0000000089d00000, 0x00000000d6e00000)
  object space 84992K, 0% used [0x0000000084a00000,0x0000000084a68b20,0x0000000089d00000)
 Metaspace       used 11193K, capacity 11260K, committed 11392K, reserved 1058816K
  class space    used 1347K, capacity 1364K, committed 1408K, reserved 1048576K

Card table byte_map: [0x00007f43e1140000,0x00007f43e151c000] byte_map_base: 0x00007f43e0d1b000

Marking Bits: (ParMarkBitMap*) 0x00007f43e4359120
 Begin Bits: [0x00007f43b8250000, 0x00007f43ba128000)
 End Bits:   [0x00007f43ba128000, 0x00007f43bc000000)

Polling page: 0x00007f43e4fa8000

CodeCache: size=245760Kb used=3195Kb max_used=3212Kb free=242564Kb
 bounds [0x00007f43cd000000, 0x00007f43cd330000, 0x00007f43dc000000]
 total_blobs=1090 nmethods=788 adapters=224
 compilation: enabled

Compilation events (10 events):
Event: 165.622 Thread 0x00007f43dc0d0000  787       3       java.lang.Class::getTypeParameters (25 bytes)
Event: 165.622 Thread 0x00007f43dc0d0000 nmethod 787 0x00007f43cd31d050 code [0x00007f43cd31d1e0, 0x00007f43cd31d4f8]
Event: 165.622 Thread 0x00007f43dc0d0000  793       3       org.springframework.core.ResolvableType::resolve (16 bytes)
Event: 165.623 Thread 0x00007f43dc0d0000 nmethod 793 0x00007f43cd316c10 code [0x00007f43cd316d80, 0x00007f43cd316f30]
Event: 165.623 Thread 0x00007f43dc0d0000  792       1       org.springframework.beans.factory.support.RootBeanDefinition::getDecoratedDefinition (5 bytes)
Event: 165.623 Thread 0x00007f43dc0d0000 nmethod 792 0x00007f43cd31cd90 code [0x00007f43cd31cee0, 0x00007f43cd31cff0]
Event: 165.623 Thread 0x00007f43dc0d0000  790       3       sun.reflect.misc.ReflectUtil::isNonPublicProxyClass (51 bytes)
Event: 165.624 Thread 0x00007f43dc0d0000 nmethod 790 0x00007f43cd31b7d0 code [0x00007f43cd31ba20, 0x00007f43cd31c738]
Event: 165.629 Thread 0x00007f43dc0ce000 nmethod 788 0x00007f43cd31ae50 code [0x00007f43cd31afc0, 0x00007f43cd31b448]
Event: 165.677 Thread 0x00007f43dc0cb000 nmethod 785 0x00007f43cd323a50 code [0x00007f43cd323d80, 0x00007f43cd3254a8]

GC Heap History (2 events):
Event: 6.702 GC heap before
{Heap before GC invocations=1 (full 0):
 PSYoungGen      total 36864K, used 31744K [0x00000000d6e00000, 0x00000000d9700000, 0x0000000100000000)
  eden space 31744K, 100% used [0x00000000d6e00000,0x00000000d8d00000,0x00000000d8d00000)
  from space 5120K, 0% used [0x00000000d9200000,0x00000000d9200000,0x00000000d9700000)
  to   space 5120K, 0% used [0x00000000d8d00000,0x00000000d8d00000,0x00000000d9200000)
 ParOldGen       total 84992K, used 0K [0x0000000084a00000, 0x0000000089d00000, 0x00000000d6e00000)
  object space 84992K, 0% used [0x0000000084a00000,0x0000000084a00000,0x0000000089d00000)
 Metaspace       used 10762K, capacity 10838K, committed 11136K, reserved 1058816K
  class space    used 1298K, capacity 1331K, committed 1408K, reserved 1048576K
Event: 6.708 GC heap after
Heap after GC invocations=1 (full 0):
 PSYoungGen      total 36864K, used 5094K [0x00000000d6e00000, 0x00000000d9700000, 0x0000000100000000)
  eden space 31744K, 0% used [0x00000000d6e00000,0x00000000d6e00000,0x00000000d8d00000)
  from space 5120K, 99% used [0x00000000d8d00000,0x00000000d91f9a18,0x00000000d9200000)
  to   space 5120K, 0% used [0x00000000d9200000,0x00000000d9200000,0x00000000d9700000)
 ParOldGen       total 84992K, used 418K [0x0000000084a00000, 0x0000000089d00000, 0x00000000d6e00000)
  object space 84992K, 0% used [0x0000000084a00000,0x0000000084a68b20,0x0000000089d00000)
 Metaspace       used 10762K, capacity 10838K, committed 11136K, reserved 1058816K
  class space    used 1298K, capacity 1331K, committed 1408K, reserved 1048576K
}

Deoptimization events (10 events):
Event: 6.752 Thread 0x00007f43dc00c800 Uncommon trap: reason=range_check action=none pc=0x00007f43cd2e1c64 method=sun.reflect.generics.parser.SignatureParser.current()C @ 34
Event: 6.754 Thread 0x00007f43dc00c800 Uncommon trap: reason=range_check action=none pc=0x00007f43cd2e1c64 method=sun.reflect.generics.parser.SignatureParser.current()C @ 34
Event: 6.811 Thread 0x00007f43dc00c800 Uncommon trap: reason=range_check action=none pc=0x00007f43cd2e1c64 method=sun.reflect.generics.parser.SignatureParser.current()C @ 34
Event: 6.811 Thread 0x00007f43dc00c800 Uncommon trap: reason=range_check action=none pc=0x00007f43cd2e1c64 method=sun.reflect.generics.parser.SignatureParser.current()C @ 34
Event: 6.812 Thread 0x00007f43dc00c800 Uncommon trap: reason=range_check action=none pc=0x00007f43cd2e1c64 method=sun.reflect.generics.parser.SignatureParser.current()C @ 34
Event: 6.824 Thread 0x00007f43dc00c800 Uncommon trap: reason=range_check action=none pc=0x00007f43cd2e1c64 method=sun.reflect.generics.parser.SignatureParser.current()C @ 34
Event: 6.825 Thread 0x00007f43dc00c800 Uncommon trap: reason=range_check action=none pc=0x00007f43cd2e1c64 method=sun.reflect.generics.parser.SignatureParser.current()C @ 34
Event: 6.825 Thread 0x00007f43dc00c800 Uncommon trap: reason=range_check action=none pc=0x00007f43cd2e1c64 method=sun.reflect.generics.parser.SignatureParser.current()C @ 34
Event: 6.826 Thread 0x00007f43dc00c800 Uncommon trap: reason=range_check action=none pc=0x00007f43cd2e1c64 method=sun.reflect.generics.parser.SignatureParser.current()C @ 34
Event: 6.826 Thread 0x00007f43dc00c800 Uncommon trap: reason=range_check action=none pc=0x00007f43cd2e1c64 method=sun.reflect.generics.parser.SignatureParser.current()C @ 34

Internal exceptions (10 events):
Event: 6.824 Thread 0x00007f43dc00c800 Exception <a 'java/lang/ClassNotFoundException': com/advancedScheduler/inputs/InputReaderServiceImplCustomizer> (0x00000000d716bc18) thrown at [/HUDSON3/workspace/8-2-build-linux-amd64/jdk8u101/7261/hotspot/src/share/vm/classfile/systemDictionary.cpp, lin
Event: 6.824 Thread 0x00007f43dc00c800 Exception <a 'java/lang/ArrayIndexOutOfBoundsException': 73> (0x00000000d716d880) thrown at [/HUDSON3/workspace/8-2-build-linux-amd64/jdk8u101/7261/hotspot/src/share/vm/interpreter/interpreterRuntime.cpp, line 366]
Event: 6.825 Thread 0x00007f43dc00c800 Exception <a 'java/lang/ArrayIndexOutOfBoundsException': 60> (0x00000000d716efb0) thrown at [/HUDSON3/workspace/8-2-build-linux-amd64/jdk8u101/7261/hotspot/src/share/vm/interpreter/interpreterRuntime.cpp, line 366]
Event: 6.825 Thread 0x00007f43dc00c800 Exception <a 'java/lang/ArrayIndexOutOfBoundsException': 74> (0x00000000d7170c20) thrown at [/HUDSON3/workspace/8-2-build-linux-amd64/jdk8u101/7261/hotspot/src/share/vm/interpreter/interpreterRuntime.cpp, line 366]
Event: 6.826 Thread 0x00007f43dc00c800 Exception <a 'java/lang/ClassNotFoundException': com/advancedScheduler/inputs/InputReaderServiceCustomizer> (0x00000000d717f900) thrown at [/HUDSON3/workspace/8-2-build-linux-amd64/jdk8u101/7261/hotspot/src/share/vm/classfile/systemDictionary.cpp, line 21
Event: 6.826 Thread 0x00007f43dc00c800 Exception <a 'java/lang/ArrayIndexOutOfBoundsException': 73> (0x00000000d7180ed8) thrown at [/HUDSON3/workspace/8-2-build-linux-amd64/jdk8u101/7261/hotspot/src/share/vm/interpreter/interpreterRuntime.cpp, line 366]
Event: 6.826 Thread 0x00007f43dc00c800 Exception <a 'java/lang/ArrayIndexOutOfBoundsException': 74> (0x00000000d7183238) thrown at [/HUDSON3/workspace/8-2-build-linux-amd64/jdk8u101/7261/hotspot/src/share/vm/interpreter/interpreterRuntime.cpp, line 366]
Event: 165.610 Thread 0x00007f43dc00c800 Exception <a 'java/lang/ClassNotFoundException': com/advancedScheduler/scheduleMetaData/ScheduleMetaDataSingletonBeanInfo> (0x00000000d7268260) thrown at [/HUDSON3/workspace/8-2-build-linux-amd64/jdk8u101/7261/hotspot/src/share/vm/classfile/systemDictiona
Event: 165.611 Thread 0x00007f43dc00c800 Exception <a 'java/lang/ClassNotFoundException': com/advancedScheduler/scheduleMetaData/ScheduleMetaDataSingletonCustomizer> (0x00000000d7275db0) thrown at [/HUDSON3/workspace/8-2-build-linux-amd64/jdk8u101/7261/hotspot/src/share/vm/classfile/systemDictio
Event: 165.613 Thread 0x00007f43dc00c800 Exception <a 'java/lang/ClassNotFoundException': org/springframework/beans/factory/InitializingBeanCustomizer> (0x00000000d7291330) thrown at [/HUDSON3/workspace/8-2-build-linux-amd64/jdk8u101/7261/hotspot/src/share/vm/classfile/systemDictionary.cpp, line

Events (10 events):
Event: 165.926 Executing VM operation: GetOrSetLocal
Event: 165.927 Executing VM operation: GetOrSetLocal done
Event: 165.927 Executing VM operation: GetOrSetLocal
Event: 165.927 Executing VM operation: GetOrSetLocal done
Event: 165.928 Executing VM operation: GetOrSetLocal
Event: 165.928 Executing VM operation: GetOrSetLocal done
Event: 165.928 Executing VM operation: GetOrSetLocal
Event: 165.928 Executing VM operation: GetOrSetLocal done
Event: 1295.331 Executing VM operation: RedefineClasses
Event: 1295.335 Executing VM operation: RedefineClasses done


Dynamic libraries:
00400000-00401000 r-xp 00000000 08:07 12191391                           /home/amol/Setups/jdk1.8.0_101/bin/java
00600000-00601000 rw-p 00000000 08:07 12191391                           /home/amol/Setups/jdk1.8.0_101/bin/java
01042000-01063000 rw-p 00000000 00:00 0                                  [heap]
84a00000-89d00000 rw-p 00000000 00:00 0 
89d00000-d6e00000 ---p 00000000 00:00 0 
d6e00000-d9700000 rw-p 00000000 00:00 0 
d9700000-100000000 ---p 00000000 00:00 0 
100000000-100160000 rw-p 00000000 00:00 0 
100160000-140000000 ---p 00000000 00:00 0 
7f4380000000-7f4380021000 rw-p 00000000 00:00 0 
7f4380021000-7f4384000000 ---p 00000000 00:00 0 
7f4384000000-7f4384021000 rw-p 00000000 00:00 0 
7f4384021000-7f4388000000 ---p 00000000 00:00 0 
7f4388000000-7f438830f000 rw-p 00000000 00:00 0 
7f438830f000-7f438c000000 ---p 00000000 00:00 0 
7f438c000000-7f438c021000 rw-p 00000000 00:00 0 
7f438c021000-7f4390000000 ---p 00000000 00:00 0 
7f4390000000-7f4390284000 rw-p 00000000 00:00 0 
7f4390284000-7f4394000000 ---p 00000000 00:00 0 
7f4394000000-7f43943c1000 rw-p 00000000 00:00 0 
7f43943c1000-7f4398000000 ---p 00000000 00:00 0 
7f4398000000-7f4398021000 rw-p 00000000 00:00 0 
7f4398021000-7f439c000000 ---p 00000000 00:00 0 
7f439c000000-7f439c021000 rw-p 00000000 00:00 0 
7f439c021000-7f43a0000000 ---p 00000000 00:00 0 
7f43a0000000-7f43a0021000 rw-p 00000000 00:00 0 
7f43a0021000-7f43a4000000 ---p 00000000 00:00 0 
7f43a4000000-7f43a42b4000 rw-p 00000000 00:00 0 
7f43a42b4000-7f43a8000000 ---p 00000000 00:00 0 
7f43a8000000-7f43a8021000 rw-p 00000000 00:00 0 
7f43a8021000-7f43ac000000 ---p 00000000 00:00 0 
7f43ac000000-7f43ac021000 rw-p 00000000 00:00 0 
7f43ac021000-7f43b0000000 ---p 00000000 00:00 0 
7f43b0000000-7f43b004c000 rw-p 00000000 00:00 0 
7f43b004c000-7f43b4000000 ---p 00000000 00:00 0 
7f43b6823000-7f43b69e3000 rw-p 00000000 00:00 0 
7f43b69e3000-7f43b6a23000 ---p 00000000 00:00 0 
7f43b6a23000-7f43b6a26000 ---p 00000000 00:00 0 
7f43b6a26000-7f43b6e25000 rw-p 00000000 00:00 0 
7f43b6e25000-7f43b6e3b000 r-xp 00000000 08:07 12191470                   /home/amol/Setups/jdk1.8.0_101/jre/lib/amd64/libnet.so
7f43b6e3b000-7f43b703b000 ---p 00016000 08:07 12191470                   /home/amol/Setups/jdk1.8.0_101/jre/lib/amd64/libnet.so
7f43b703b000-7f43b703c000 rw-p 00016000 08:07 12191470                   /home/amol/Setups/jdk1.8.0_101/jre/lib/amd64/libnet.so
7f43b703c000-7f43b703d000 ---p 00000000 00:00 0 
7f43b703d000-7f43b713d000 rw-p 00000000 00:00 0 
7f43b713d000-7f43b7140000 ---p 00000000 00:00 0 
7f43b7140000-7f43b723e000 rw-p 00000000 00:00 0 
7f43b723e000-7f43b7241000 ---p 00000000 00:00 0 
7f43b7241000-7f43b733f000 rw-p 00000000 00:00 0 
7f43b733f000-7f43b7342000 ---p 00000000 00:00 0 
7f43b7342000-7f43b7440000 rw-p 00000000 00:00 0 
7f43b7440000-7f43b7443000 ---p 00000000 00:00 0 
7f43b7443000-7f43b7541000 rw-p 00000000 00:00 0 
7f43b7541000-7f43b7544000 ---p 00000000 00:00 0 
7f43b7544000-7f43b7642000 rw-p 00000000 00:00 0 
7f43b7642000-7f43b7645000 ---p 00000000 00:00 0 
7f43b7645000-7f43b7743000 rw-p 00000000 00:00 0 
7f43b7743000-7f43b7746000 ---p 00000000 00:00 0 
7f43b7746000-7f43b7844000 rw-p 00000000 00:00 0 
7f43b7844000-7f43b7848000 r-xp 00000000 08:07 12191509                   /home/amol/Setups/jdk1.8.0_101/jre/lib/amd64/libdt_socket.so
7f43b7848000-7f43b7a47000 ---p 00004000 08:07 12191509                   /home/amol/Setups/jdk1.8.0_101/jre/lib/amd64/libdt_socket.so
7f43b7a47000-7f43b7a48000 rw-p 00003000 08:07 12191509                   /home/amol/Setups/jdk1.8.0_101/jre/lib/amd64/libdt_socket.so
7f43b7a48000-7f43b7a4b000 ---p 00000000 00:00 0 
7f43b7a4b000-7f43b7b49000 rw-p 00000000 00:00 0 
7f43b7b49000-7f43b7b4c000 ---p 00000000 00:00 0 
7f43b7b4c000-7f43b7c4a000 rw-p 00000000 00:00 0 
7f43b7c4a000-7f43b7c4d000 ---p 00000000 00:00 0 
7f43b7c4d000-7f43b7d4b000 rw-p 00000000 00:00 0 
7f43b7d4b000-7f43b7d4c000 ---p 00000000 00:00 0 
7f43b7d4c000-7f43bc000000 rw-p 00000000 00:00 0 
7f43bc000000-7f43bc021000 rw-p 00000000 00:00 0 
7f43bc021000-7f43c0000000 ---p 00000000 00:00 0 
7f43c0000000-7f43c0021000 rw-p 00000000 00:00 0 
7f43c0021000-7f43c4000000 ---p 00000000 00:00 0 
7f43c4000000-7f43c4021000 rw-p 00000000 00:00 0 
7f43c4021000-7f43c8000000 ---p 00000000 00:00 0 
7f43c8000000-7f43c8021000 rw-p 00000000 00:00 0 
7f43c8021000-7f43cc000000 ---p 00000000 00:00 0 
7f43cc008000-7f43cc01b000 r--s 00345000 08:07 12191691                   /home/amol/Setups/jdk1.8.0_101/jre/lib/resources.jar
7f43cc01b000-7f43cc037000 r--s 00393000 08:07 12191550                   /home/amol/Setups/jdk1.8.0_101/jre/lib/ext/cldrdata.jar
7f43cc037000-7f43cc046000 r--s 00084000 08:07 12194298                   /home/amol/.m2/repository/org/springframework/spring-test/4.3.7.RELEASE/spring-test-4.3.7.RELEASE.jar
7f43cc046000-7f43cc05d000 r--s 000fb000 08:07 12321512                   /home/amol/.m2/repository/org/springframework/spring-core/4.3.7.RELEASE/spring-core-4.3.7.RELEASE.jar
7f43cc05d000-7f43cc06b000 r--s 000ad000 08:07 12192840                   /home/amol/.m2/repository/org/springframework/spring-beans/4.3.7.RELEASE/spring-beans-4.3.7.RELEASE.jar
7f43cc06b000-7f43cc085000 r--s 000fd000 08:07 12192880                   /home/amol/.m2/repository/org/springframework/spring-context/4.3.7.RELEASE/spring-context-4.3.7.RELEASE.jar
7f43cc085000-7f43cc096000 r--s 0008a000 08:07 12192451                   /home/amol/.m2/repository/joda-time/joda-time/2.9.6/joda-time-2.9.6.jar
7f43cc096000-7f43cd000000 rw-p 00000000 00:00 0 
7f43cd000000-7f43cd330000 rwxp 00000000 00:00 0 
7f43cd330000-7f43dc000000 ---p 00000000 00:00 0 
7f43dc000000-7f43dc475000 rw-p 00000000 00:00 0 
7f43dc475000-7f43e0000000 ---p 00000000 00:00 0 
7f43e0002000-7f43e000c000 r--s 00116000 08:07 12191547                   /home/amol/Setups/jdk1.8.0_101/jre/lib/ext/localedata.jar
7f43e000c000-7f43e0480000 rw-p 00000000 00:00 0 
7f43e0480000-7f43e0659000 r--s 03d29000 08:07 12191462                   /home/amol/Setups/jdk1.8.0_101/jre/lib/rt.jar
7f43e0659000-7f43e0aaa000 rw-p 00000000 00:00 0 
7f43e0aaa000-7f43e0aab000 ---p 00000000 00:00 0 
7f43e0aab000-7f43e0bab000 rw-p 00000000 00:00 0 
7f43e0bab000-7f43e0bac000 ---p 00000000 00:00 0 
7f43e0bac000-7f43e0cac000 rw-p 00000000 00:00 0 
7f43e0cac000-7f43e0cad000 ---p 00000000 00:00 0 
7f43e0cad000-7f43e0dad000 rw-p 00000000 00:00 0 
7f43e0dad000-7f43e0dae000 ---p 00000000 00:00 0 
7f43e0dae000-7f43e0ed8000 rw-p 00000000 00:00 0 
7f43e0ed8000-7f43e1140000 ---p 00000000 00:00 0 
7f43e1140000-7f43e116a000 rw-p 00000000 00:00 0 
7f43e116a000-7f43e13d2000 ---p 00000000 00:00 0 
7f43e13d2000-7f43e13e7000 rw-p 00000000 00:00 0 
7f43e13e7000-7f43e151b000 ---p 00000000 00:00 0 
7f43e151b000-7f43e1529000 rw-p 00000000 00:00 0 
7f43e1529000-7f43e18dc000 ---p 00000000 00:00 0 
7f43e18dc000-7f43e18f6000 r-xp 00000000 08:07 12191491                   /home/amol/Setups/jdk1.8.0_101/jre/lib/amd64/libzip.so
7f43e18f6000-7f43e1af6000 ---p 0001a000 08:07 12191491                   /home/amol/Setups/jdk1.8.0_101/jre/lib/amd64/libzip.so
7f43e1af6000-7f43e1af7000 rw-p 0001a000 08:07 12191491                   /home/amol/Setups/jdk1.8.0_101/jre/lib/amd64/libzip.so
7f43e1af7000-7f43e1b02000 r-xp 00000000 08:07 4591701                    /lib/x86_64-linux-gnu/libnss_files-2.23.so
7f43e1b02000-7f43e1d01000 ---p 0000b000 08:07 4591701                    /lib/x86_64-linux-gnu/libnss_files-2.23.so
7f43e1d01000-7f43e1d02000 r--p 0000a000 08:07 4591701                    /lib/x86_64-linux-gnu/libnss_files-2.23.so
7f43e1d02000-7f43e1d03000 rw-p 0000b000 08:07 4591701                    /lib/x86_64-linux-gnu/libnss_files-2.23.so
7f43e1d03000-7f43e1d09000 rw-p 00000000 00:00 0 
7f43e1d09000-7f43e1d14000 r-xp 00000000 08:07 4591690                    /lib/x86_64-linux-gnu/libnss_nis-2.23.so
7f43e1d14000-7f43e1f13000 ---p 0000b000 08:07 4591690                    /lib/x86_64-linux-gnu/libnss_nis-2.23.so
7f43e1f13000-7f43e1f14000 r--p 0000a000 08:07 4591690                    /lib/x86_64-linux-gnu/libnss_nis-2.23.so
7f43e1f14000-7f43e1f15000 rw-p 0000b000 08:07 4591690                    /lib/x86_64-linux-gnu/libnss_nis-2.23.so
7f43e1f15000-7f43e1f2b000 r-xp 00000000 08:07 4591692                    /lib/x86_64-linux-gnu/libnsl-2.23.so
7f43e1f2b000-7f43e212a000 ---p 00016000 08:07 4591692                    /lib/x86_64-linux-gnu/libnsl-2.23.so
7f43e212a000-7f43e212b000 r--p 00015000 08:07 4591692                    /lib/x86_64-linux-gnu/libnsl-2.23.so
7f43e212b000-7f43e212c000 rw-p 00016000 08:07 4591692                    /lib/x86_64-linux-gnu/libnsl-2.23.so
7f43e212c000-7f43e212e000 rw-p 00000000 00:00 0 
7f43e212e000-7f43e2136000 r-xp 00000000 08:07 4591706                    /lib/x86_64-linux-gnu/libnss_compat-2.23.so
7f43e2136000-7f43e2335000 ---p 00008000 08:07 4591706                    /lib/x86_64-linux-gnu/libnss_compat-2.23.so
7f43e2335000-7f43e2336000 r--p 00007000 08:07 4591706                    /lib/x86_64-linux-gnu/libnss_compat-2.23.so
7f43e2336000-7f43e2337000 rw-p 00008000 08:07 4591706                    /lib/x86_64-linux-gnu/libnss_compat-2.23.so
7f43e2337000-7f43e260f000 r--p 00000000 08:07 923949                     /usr/lib/locale/locale-archive
7f43e260f000-7f43e2611000 r-xp 00000000 08:07 12191499                   /home/amol/Setups/jdk1.8.0_101/jre/lib/amd64/libnpt.so
7f43e2611000-7f43e2811000 ---p 00002000 08:07 12191499                   /home/amol/Setups/jdk1.8.0_101/jre/lib/amd64/libnpt.so
7f43e2811000-7f43e2812000 rw-p 00002000 08:07 12191499                   /home/amol/Setups/jdk1.8.0_101/jre/lib/amd64/libnpt.so
7f43e2812000-7f43e284b000 r-xp 00000000 08:07 12191467                   /home/amol/Setups/jdk1.8.0_101/jre/lib/amd64/libjdwp.so
7f43e284b000-7f43e2a4a000 ---p 00039000 08:07 12191467                   /home/amol/Setups/jdk1.8.0_101/jre/lib/amd64/libjdwp.so
7f43e2a4a000-7f43e2a4c000 rw-p 00038000 08:07 12191467                   /home/amol/Setups/jdk1.8.0_101/jre/lib/amd64/libjdwp.so
7f43e2a4c000-7f43e2a76000 r-xp 00000000 08:07 12191517                   /home/amol/Setups/jdk1.8.0_101/jre/lib/amd64/libjava.so
7f43e2a76000-7f43e2c76000 ---p 0002a000 08:07 12191517                   /home/amol/Setups/jdk1.8.0_101/jre/lib/amd64/libjava.so
7f43e2c76000-7f43e2c78000 rw-p 0002a000 08:07 12191517                   /home/amol/Setups/jdk1.8.0_101/jre/lib/amd64/libjava.so
7f43e2c78000-7f43e2c85000 r-xp 00000000 08:07 12191471                   /home/amol/Setups/jdk1.8.0_101/jre/lib/amd64/libverify.so
7f43e2c85000-7f43e2e85000 ---p 0000d000 08:07 12191471                   /home/amol/Setups/jdk1.8.0_101/jre/lib/amd64/libverify.so
7f43e2e85000-7f43e2e87000 rw-p 0000d000 08:07 12191471                   /home/amol/Setups/jdk1.8.0_101/jre/lib/amd64/libverify.so
7f43e2e87000-7f43e2e8e000 r-xp 00000000 08:07 4591707                    /lib/x86_64-linux-gnu/librt-2.23.so
7f43e2e8e000-7f43e308d000 ---p 00007000 08:07 4591707                    /lib/x86_64-linux-gnu/librt-2.23.so
7f43e308d000-7f43e308e000 r--p 00006000 08:07 4591707                    /lib/x86_64-linux-gnu/librt-2.23.so
7f43e308e000-7f43e308f000 rw-p 00007000 08:07 4591707                    /lib/x86_64-linux-gnu/librt-2.23.so
7f43e308f000-7f43e3197000 r-xp 00000000 08:07 4591691                    /lib/x86_64-linux-gnu/libm-2.23.so
7f43e3197000-7f43e3396000 ---p 00108000 08:07 4591691                    /lib/x86_64-linux-gnu/libm-2.23.so
7f43e3396000-7f43e3397000 r--p 00107000 08:07 4591691                    /lib/x86_64-linux-gnu/libm-2.23.so
7f43e3397000-7f43e3398000 rw-p 00108000 08:07 4591691                    /lib/x86_64-linux-gnu/libm-2.23.so
7f43e3398000-7f43e4063000 r-xp 00000000 08:07 12191521                   /home/amol/Setups/jdk1.8.0_101/jre/lib/amd64/server/libjvm.so
7f43e4063000-7f43e4262000 ---p 00ccb000 08:07 12191521                   /home/amol/Setups/jdk1.8.0_101/jre/lib/amd64/server/libjvm.so
7f43e4262000-7f43e433b000 rw-p 00cca000 08:07 12191521                   /home/amol/Setups/jdk1.8.0_101/jre/lib/amd64/server/libjvm.so
7f43e433b000-7f43e4386000 rw-p 00000000 00:00 0 
7f43e4386000-7f43e4545000 r-xp 00000000 08:07 4591697                    /lib/x86_64-linux-gnu/libc-2.23.so
7f43e4545000-7f43e4745000 ---p 001bf000 08:07 4591697                    /lib/x86_64-linux-gnu/libc-2.23.so
7f43e4745000-7f43e4749000 r--p 001bf000 08:07 4591697                    /lib/x86_64-linux-gnu/libc-2.23.so
7f43e4749000-7f43e474b000 rw-p 001c3000 08:07 4591697                    /lib/x86_64-linux-gnu/libc-2.23.so
7f43e474b000-7f43e474f000 rw-p 00000000 00:00 0 
7f43e474f000-7f43e4752000 r-xp 00000000 08:07 4591689                    /lib/x86_64-linux-gnu/libdl-2.23.so
7f43e4752000-7f43e4951000 ---p 00003000 08:07 4591689                    /lib/x86_64-linux-gnu/libdl-2.23.so
7f43e4951000-7f43e4952000 r--p 00002000 08:07 4591689                    /lib/x86_64-linux-gnu/libdl-2.23.so
7f43e4952000-7f43e4953000 rw-p 00003000 08:07 4591689                    /lib/x86_64-linux-gnu/libdl-2.23.so
7f43e4953000-7f43e4968000 r-xp 00000000 08:07 12190612                   /home/amol/Setups/jdk1.8.0_101/lib/amd64/jli/libjli.so
7f43e4968000-7f43e4b68000 ---p 00015000 08:07 12190612                   /home/amol/Setups/jdk1.8.0_101/lib/amd64/jli/libjli.so
7f43e4b68000-7f43e4b69000 rw-p 00015000 08:07 12190612                   /home/amol/Setups/jdk1.8.0_101/lib/amd64/jli/libjli.so
7f43e4b69000-7f43e4b81000 r-xp 00000000 08:07 4591711                    /lib/x86_64-linux-gnu/libpthread-2.23.so
7f43e4b81000-7f43e4d80000 ---p 00018000 08:07 4591711                    /lib/x86_64-linux-gnu/libpthread-2.23.so
7f43e4d80000-7f43e4d81000 r--p 00017000 08:07 4591711                    /lib/x86_64-linux-gnu/libpthread-2.23.so
7f43e4d81000-7f43e4d82000 rw-p 00018000 08:07 4591711                    /lib/x86_64-linux-gnu/libpthread-2.23.so
7f43e4d82000-7f43e4d86000 rw-p 00000000 00:00 0 
7f43e4d86000-7f43e4dac000 r-xp 00000000 08:07 4591698                    /lib/x86_64-linux-gnu/ld-2.23.so
7f43e4db4000-7f43e4db9000 r--s 0003c000 08:07 12192885                   /home/amol/.m2/repository/org/springframework/spring-expression/4.3.7.RELEASE/spring-expression-4.3.7.RELEASE.jar
7f43e4db9000-7f43e4e84000 rw-p 00000000 00:00 0 
7f43e4e84000-7f43e4e87000 ---p 00000000 00:00 0 
7f43e4e87000-7f43e4f89000 rw-p 00000000 00:00 0 
7f43e4f8a000-7f43e4f8c000 r--s 0000e000 08:07 11930999                   /home/amol/.m2/repository/commons-logging/commons-logging/1.2/commons-logging-1.2.jar
7f43e4f8c000-7f43e4f95000 r--s 00054000 08:07 12192883                   /home/amol/.m2/repository/org/springframework/spring-aop/4.3.7.RELEASE/spring-aop-4.3.7.RELEASE.jar
7f43e4f95000-7f43e4f97000 r--s 00009000 08:07 12062164                   /home/amol/.m2/repository/org/hamcrest/hamcrest-core/1.3/hamcrest-core-1.3.jar
7f43e4f97000-7f43e4f9f000 r--s 00045000 08:07 12062162                   /home/amol/.m2/repository/junit/junit/4.12/junit-4.12.jar
7f43e4f9f000-7f43e4fa7000 rw-s 00000000 08:07 3407912                    /tmp/hsperfdata_amol/3631
7f43e4fa7000-7f43e4fa8000 rw-p 00000000 00:00 0 
7f43e4fa8000-7f43e4fa9000 r--p 00000000 00:00 0 
7f43e4fa9000-7f43e4fab000 rw-p 00000000 00:00 0 
7f43e4fab000-7f43e4fac000 r--p 00025000 08:07 4591698                    /lib/x86_64-linux-gnu/ld-2.23.so
7f43e4fac000-7f43e4fad000 rw-p 00026000 08:07 4591698                    /lib/x86_64-linux-gnu/ld-2.23.so
7f43e4fad000-7f43e4fae000 rw-p 00000000 00:00 0 
7fffae57a000-7fffae59b000 rw-p 00000000 00:00 0                          [stack]
7fffae5f2000-7fffae5f4000 r--p 00000000 00:00 0                          [vvar]
7fffae5f4000-7fffae5f6000 r-xp 00000000 00:00 0                          [vdso]
ffffffffff600000-ffffffffff601000 r-xp 00000000 00:00 0                  [vsyscall]

VM Arguments:
jvm_args: -agentlib:jdwp=transport=dt_socket,suspend=y,address=localhost:36125 -Dfile.encoding=UTF-8 
java_command: org.eclipse.jdt.internal.junit.runner.RemoteTestRunner -version 3 -port 38679 -testLoaderClass org.eclipse.jdt.internal.junit4.runner.JUnit4TestLoader -loaderpluginname org.eclipse.jdt.junit4.runtime -classNames com.advancedScheduler.scheduleMetaData.ScheduleMetaDataSingletonTest
java_class_path (initial): /home/amol/Programs/AdvancedScheduler/target/test-classes:/home/amol/Programs/AdvancedScheduler/target/classes:/home/amol/.m2/repository/junit/junit/4.12/junit-4.12.jar:/home/amol/.m2/repository/org/hamcrest/hamcrest-core/1.3/hamcrest-core-1.3.jar:/home/amol/.m2/repository/joda-time/joda-time/2.9.6/joda-time-2.9.6.jar:/home/amol/.m2/repository/org/springframework/spring-context/4.3.7.RELEASE/spring-context-4.3.7.RELEASE.jar:/home/amol/.m2/repository/org/springframework/spring-aop/4.3.7.RELEASE/spring-aop-4.3.7.RELEASE.jar:/home/amol/.m2/repository/org/springframework/spring-beans/4.3.7.RELEASE/spring-beans-4.3.7.RELEASE.jar:/home/amol/.m2/repository/org/springframework/spring-core/4.3.7.RELEASE/spring-core-4.3.7.RELEASE.jar:/home/amol/.m2/repository/commons-logging/commons-logging/1.2/commons-logging-1.2.jar:/home/amol/.m2/repository/org/springframework/spring-expression/4.3.7.RELEASE/spring-expression-4.3.7.RELEASE.jar:/home/amol/.m2/repository/org/springframework/spring-test/4.3.7.RELEASE/spring-test-4.3.7.RELEASE.jar:/home/amol/Eclipse/configuration/org.eclipse.osgi/380/0/.cp/:/home/amol/Eclipse/configuration/org.eclipse.osgi/379/0/.cp/
Launcher Type: SUN_STANDARD

Environment Variables:
PATH=/usr/local/sbin:/usr/local/bin:/usr/sbin:/usr/bin:/sbin:/bin:/usr/games:/usr/local/games:/home/amol/Setups/jdk1.7.0_80/bin:/home/amol/Setups/jdk1.7.0_80/db/bin:/home/amol/JavaPrograms/Scripts:/snap/bin
SHELL=/bin/bash
DISPLAY=:0

Signal Handlers:
SIGSEGV: [libjvm.so+0xac4790], sa_mask[0]=11111111011111111101111111111110, sa_flags=SA_RESTART|SA_SIGINFO
SIGBUS: [libjvm.so+0xac4790], sa_mask[0]=11111111011111111101111111111110, sa_flags=SA_RESTART|SA_SIGINFO
SIGFPE: [libjvm.so+0x91f140], sa_mask[0]=11111111011111111101111111111110, sa_flags=SA_RESTART|SA_SIGINFO
SIGPIPE: [libjvm.so+0x91f140], sa_mask[0]=11111111011111111101111111111110, sa_flags=SA_RESTART|SA_SIGINFO
SIGXFSZ: [libjvm.so+0x91f140], sa_mask[0]=11111111011111111101111111111110, sa_flags=SA_RESTART|SA_SIGINFO
SIGILL: [libjvm.so+0x91f140], sa_mask[0]=11111111011111111101111111111110, sa_flags=SA_RESTART|SA_SIGINFO
SIGUSR1: SIG_DFL, sa_mask[0]=00000000000000000000000000000000, sa_flags=none
SIGUSR2: [libjvm.so+0x920770], sa_mask[0]=00100000000000000000000000000000, sa_flags=SA_RESTART|SA_SIGINFO
SIGHUP: [libjvm.so+0x921b70], sa_mask[0]=11111111011111111101111111111110, sa_flags=SA_RESTART|SA_SIGINFO
SIGINT: [libjvm.so+0x921b70], sa_mask[0]=11111111011111111101111111111110, sa_flags=SA_RESTART|SA_SIGINFO
SIGTERM: [libjvm.so+0x921b70], sa_mask[0]=11111111011111111101111111111110, sa_flags=SA_RESTART|SA_SIGINFO
SIGQUIT: [libjvm.so+0x921b70], sa_mask[0]=11111111011111111101111111111110, sa_flags=SA_RESTART|SA_SIGINFO


---------------  S Y S T E M  ---------------

OS:DISTRIB_ID=Ubuntu
DISTRIB_RELEASE=16.04
DISTRIB_CODENAME=xenial
DISTRIB_DESCRIPTION="Ubuntu 16.04.2 LTS"

uname:Linux 4.4.0-66-generic #87-Ubuntu SMP Fri Mar 3 15:29:05 UTC 2017 x86_64
libc:glibc 2.23 NPTL 2.23 
rlimit: STACK 8192k, CORE 0k, NPROC 30178, NOFILE 65536, AS infinity
load average:0.42 0.29 0.40

/proc/meminfo:
MemTotal:        8083856 kB
MemFree:         4512016 kB
MemAvailable:    5515104 kB
Buffers:          106792 kB
Cached:          1110060 kB
SwapCached:            0 kB
Active:          2617228 kB
Inactive:         712448 kB
Active(anon):    2113928 kB
Inactive(anon):    26348 kB
Active(file):     503300 kB
Inactive(file):   686100 kB
Unevictable:          76 kB
Mlocked:              76 kB
SwapTotal:       8296444 kB
SwapFree:        8296444 kB
Dirty:               432 kB
Writeback:             0 kB
AnonPages:       2108576 kB
Mapped:           358884 kB
Shmem:             27624 kB
Slab:             103736 kB
SReclaimable:      68248 kB
SUnreclaim:        35488 kB
KernelStack:        9296 kB
PageTables:        32620 kB
NFS_Unstable:          0 kB
Bounce:                0 kB
WritebackTmp:          0 kB
CommitLimit:    12338372 kB
Committed_AS:    5904772 kB
VmallocTotal:   34359738367 kB
VmallocUsed:           0 kB
VmallocChunk:          0 kB
HardwareCorrupted:     0 kB
AnonHugePages:   1064960 kB
CmaTotal:              0 kB
CmaFree:               0 kB
HugePages_Total:       0
HugePages_Free:        0
HugePages_Rsvd:        0
HugePages_Surp:        0
Hugepagesize:       2048 kB
DirectMap4k:      197536 kB
DirectMap2M:     3905536 kB
DirectMap1G:     4194304 kB


CPU:total 4 (2 cores per cpu, 2 threads per core) family 6 model 61 stepping 4, cmov, cx8, fxsr, mmx, sse, sse2, sse3, ssse3, sse4.1, sse4.2, popcnt, avx, avx2, aes, clmul, erms, 3dnowpref, lzcnt, ht, tsc, tscinvbit, bmi1, bmi2, adx

/proc/cpuinfo:
processor	: 0
vendor_id	: GenuineIntel
cpu family	: 6
model		: 61
model name	: Intel(R) Core(TM) i5-5200U CPU @ 2.20GHz
stepping	: 4
microcode	: 0x19
cpu MHz		: 2499.148
cache size	: 3072 KB
physical id	: 0
siblings	: 4
core id		: 0
cpu cores	: 2
apicid		: 0
initial apicid	: 0
fpu		: yes
fpu_exception	: yes
cpuid level	: 20
wp		: yes
flags		: fpu vme de pse tsc msr pae mce cx8 apic sep mtrr pge mca cmov pat pse36 clflush dts acpi mmx fxsr sse sse2 ss ht tm pbe syscall nx pdpe1gb rdtscp lm constant_tsc arch_perfmon pebs bts rep_good nopl xtopology nonstop_tsc aperfmperf eagerfpu pni pclmulqdq dtes64 monitor ds_cpl vmx est tm2 ssse3 sdbg fma cx16 xtpr pdcm pcid sse4_1 sse4_2 x2apic movbe popcnt tsc_deadline_timer aes xsave avx f16c rdrand lahf_lm abm 3dnowprefetch epb intel_pt tpr_shadow vnmi flexpriority ept vpid fsgsbase tsc_adjust bmi1 avx2 smep bmi2 erms invpcid rdseed adx smap xsaveopt dtherm ida arat pln pts
bugs		:
bogomips	: 4389.61
clflush size	: 64
cache_alignment	: 64
address sizes	: 39 bits physical, 48 bits virtual
power management:

processor	: 1
vendor_id	: GenuineIntel
cpu family	: 6
model		: 61
model name	: Intel(R) Core(TM) i5-5200U CPU @ 2.20GHz
stepping	: 4
microcode	: 0x19
cpu MHz		: 2543.148
cache size	: 3072 KB
physical id	: 0
siblings	: 4
core id		: 1
cpu cores	: 2
apicid		: 2
initial apicid	: 2
fpu		: yes
fpu_exception	: yes
cpuid level	: 20
wp		: yes
flags		: fpu vme de pse tsc msr pae mce cx8 apic sep mtrr pge mca cmov pat pse36 clflush dts acpi mmx fxsr sse sse2 ss ht tm pbe syscall nx pdpe1gb rdtscp lm constant_tsc arch_perfmon pebs bts rep_good nopl xtopology nonstop_tsc aperfmperf eagerfpu pni pclmulqdq dtes64 monitor ds_cpl vmx est tm2 ssse3 sdbg fma cx16 xtpr pdcm pcid sse4_1 sse4_2 x2apic movbe popcnt tsc_deadline_timer aes xsave avx f16c rdrand lahf_lm abm 3dnowprefetch epb intel_pt tpr_shadow vnmi flexpriority ept vpid fsgsbase tsc_adjust bmi1 avx2 smep bmi2 erms invpcid rdseed adx smap xsaveopt dtherm ida arat pln pts
bugs		:
bogomips	: 4389.61
clflush size	: 64
cache_alignment	: 64
address sizes	: 39 bits physical, 48 bits virtual
power management:

processor	: 2
vendor_id	: GenuineIntel
cpu family	: 6
model		: 61
model name	: Intel(R) Core(TM) i5-5200U CPU @ 2.20GHz
stepping	: 4
microcode	: 0x19
cpu MHz		: 2500.007
cache size	: 3072 KB
physical id	: 0
siblings	: 4
core id		: 0
cpu cores	: 2
apicid		: 1
initial apicid	: 1
fpu		: yes
fpu_exception	: yes
cpuid level	: 20
wp		: yes
flags		: fpu vme de pse tsc msr pae mce cx8 apic sep mtrr pge mca cmov pat pse36 clflush dts acpi mmx fxsr sse sse2 ss ht tm pbe syscall nx pdpe1gb rdtscp lm constant_tsc arch_perfmon pebs bts rep_good nopl xtopology nonstop_tsc aperfmperf eagerfpu pni pclmulqdq dtes64 monitor ds_cpl vmx est tm2 ssse3 sdbg fma cx16 xtpr pdcm pcid sse4_1 sse4_2 x2apic movbe popcnt tsc_deadline_timer aes xsave avx f16c rdrand lahf_lm abm 3dnowprefetch epb intel_pt tpr_shadow vnmi flexpriority ept vpid fsgsbase tsc_adjust bmi1 avx2 smep bmi2 erms invpcid rdseed adx smap xsaveopt dtherm ida arat pln pts
bugs		:
bogomips	: 4389.61
clflush size	: 64
cache_alignment	: 64
address sizes	: 39 bits physical, 48 bits virtual
power management:

processor	: 3
vendor_id	: GenuineIntel
cpu family	: 6
model		: 61
model name	: Intel(R) Core(TM) i5-5200U CPU @ 2.20GHz
stepping	: 4
microcode	: 0x19
cpu MHz		: 2530.429
cache size	: 3072 KB
physical id	: 0
siblings	: 4
core id		: 1
cpu cores	: 2
apicid		: 3
initial apicid	: 3
fpu		: yes
fpu_exception	: yes
cpuid level	: 20
wp		: yes
flags		: fpu vme de pse tsc msr pae mce cx8 apic sep mtrr pge mca cmov pat pse36 clflush dts acpi mmx fxsr sse sse2 ss ht tm pbe syscall nx pdpe1gb rdtscp lm constant_tsc arch_perfmon pebs bts rep_good nopl xtopology nonstop_tsc aperfmperf eagerfpu pni pclmulqdq dtes64 monitor ds_cpl vmx est tm2 ssse3 sdbg fma cx16 xtpr pdcm pcid sse4_1 sse4_2 x2apic movbe popcnt tsc_deadline_timer aes xsave avx f16c rdrand lahf_lm abm 3dnowprefetch epb intel_pt tpr_shadow vnmi flexpriority ept vpid fsgsbase tsc_adjust bmi1 avx2 smep bmi2 erms invpcid rdseed adx smap xsaveopt dtherm ida arat pln pts
bugs		:
bogomips	: 4389.61
clflush size	: 64
cache_alignment	: 64
address sizes	: 39 bits physical, 48 bits virtual
power management:



Memory: 4k page, physical 8083856k(4512016k free), swap 8296444k(8296444k free)

vm_info: Java HotSpot(TM) 64-Bit Server VM (25.101-b13) for linux-amd64 JRE (1.8.0_101-b13), built on Jun 22 2016 02:59:44 by "java_re" with gcc 4.3.0 20080428 (Red Hat 4.3.0-8)

time: Wed Mar 29 23:00:19 2017
elapsed time: 1295 seconds (0d 0h 21m 35s)

